<?xml version="1.0" encoding="utf-8"?><testsuites name="pytest tests"><testsuite name="pytest" errors="0" failures="0" skipped="0" tests="17" time="6.586" timestamp="2026-03-23T07:22:40.317676+00:00" hostname="agent-env-e6ad2303-ef12-4d8c-9977-6a1318a8dbc0"><testcase classname="backend.tests.test_rd_features.TestAuthAndRoles" name="test_admin_login_returns_role_admin" time="0.384" /><testcase classname="backend.tests.test_rd_features.TestAuthAndRoles" name="test_customer_login_returns_role_customer" time="0.325" /><testcase classname="backend.tests.test_rd_features.TestAuthAndRoles" name="test_invalid_login_returns_401" time="0.103" /><testcase classname="backend.tests.test_rd_features.TestAdminEndpoints" name="test_admin_can_access_customer_accounts" time="0.428" /><testcase classname="backend.tests.test_rd_features.TestAdminEndpoints" name="test_customer_cannot_access_admin_endpoints" time="0.428" /><testcase classname="backend.tests.test_rd_features.TestCustomerDashboard" name="test_customer_can_access_dashboard" time="0.422" /><testcase classname="backend.tests.test_rd_features.TestCustomerDashboard" name="test_admin_cannot_access_customer_dashboard" time="0.433" /><testcase classname="backend.tests.test_rd_features.TestCalculator" name="test_calculator_default_rate_is_6_7" time="0.094" /><testcase classname="backend.tests.test_rd_features.TestCalculator" name="test_calculator_with_custom_rate" time="0.093" /><testcase classname="backend.tests.test_rd_features.TestCustomerCRUD" name="test_create_customer_default_rate_6_7" time="0.570" /><testcase classname="backend.tests.test_rd_features.TestCustomerCRUD" name="test_get_customers_list" time="0.413" /><testcase classname="backend.tests.test_rd_features.TestCustomerAccountCreation" name="test_create_customer_account_validation" time="0.586" /><testcase classname="backend.tests.test_rd_features.TestDashboardStats" name="test_dashboard_stats" time="0.423" /><testcase classname="backend.tests.test_rd_features.TestPaymentEndpoints" name="test_get_current_month_payments" time="0.452" /><testcase classname="backend.tests.test_rd_features.TestPaymentEndpoints" name="test_get_unpaid_payments" time="0.417" /><testcase classname="backend.tests.test_rd_features.TestPaymentEndpoints" name="test_get_overdue_payments" time="0.421" /><testcase classname="backend.tests.test_rd_features.TestExportEndpoints" name="test_export_customers_data" time="0.423" /></testsuite></testsuites>